<?xml version="1.0" encoding="UTF-8"?>
<!-- Generated by org.testng.reporters.JUnitXMLReporter -->
<testsuite hostname="OlivaGallo-PC" ignored="0" name="Case_2" tests="6" failures="0" timestamp="31 Dec 2019 17:58:33 GMT" time="18.375" errors="0">
  <testcase name="Login" time="2.889" classname="case_2.Case_2_Test"/>
  <testcase name="FlightDetails" time="0.684" classname="case_2.Case_2_Test"/>
  <testcase name="Depart" time="0.099" classname="case_2.Case_2_Test"/>
  <testcase name="Return" time="1.233" classname="case_2.Case_2_Test"/>
  <testcase name="Purchase" time="1.641" classname="case_2.Case_2_Test"/>
  <testcase name="Logout" time="0.606" classname="case_2.Case_2_Test"/>
</testsuite> <!-- Case_2 -->
