<?xml version="1.0" encoding="UTF-8"?>
<!-- Generated by org.testng.reporters.JUnitXMLReporter -->
<testsuite hostname="OlivaGallo-PC" ignored="0" name="Case_2" tests="6" failures="0" timestamp="31 Dec 2019 16:59:18 GMT" time="17.952" errors="0">
  <testcase name="Login" time="2.273" classname="case_2.Case_2_Test"/>
  <testcase name="FlightDetails" time="0.743" classname="case_2.Case_2_Test"/>
  <testcase name="Depart" time="0.096" classname="case_2.Case_2_Test"/>
  <testcase name="Return" time="0.616" classname="case_2.Case_2_Test"/>
  <testcase name="Purchase" time="1.333" classname="case_2.Case_2_Test"/>
  <testcase name="Logout" time="0.959" classname="case_2.Case_2_Test"/>
</testsuite> <!-- Case_2 -->
