<?xml version="1.0" encoding="UTF-8"?>
<!-- Generated by org.testng.reporters.JUnitXMLReporter -->
<testsuite hostname="OlivaGallo-PC" ignored="0" name="Case_4" tests="6" failures="0" timestamp="06 Aug 2019 19:05:48 GMT" time="100.626" errors="0">
  <testcase name="Login" time="27.282" classname="case_4.Case_4_Test"/>
  <testcase name="Me" time="8.065" classname="case_4.Case_4_Test"/>
  <testcase name="EnterName" time="0.476" classname="case_4.Case_4_Test"/>
  <testcase name="EnterLocation" time="0.625" classname="case_4.Case_4_Test"/>
  <testcase name="SaveProfile" time="28.003" classname="case_4.Case_4_Test"/>
  <testcase name="Confirmation" time="0.293" classname="case_4.Case_4_Test"/>
</testsuite> <!-- Case_4 -->
