<?xml version="1.0" encoding="UTF-8"?>
<!-- Generated by org.testng.reporters.JUnitXMLReporter -->
<testsuite hostname="OlivaGallo-PC" ignored="0" name="Case_2" tests="5" failures="0" timestamp="06 Aug 2019 19:03:19 GMT" time="30.59" errors="0">
  <testcase name="Login" time="1.587" classname="case_2.Case_2_Test"/>
  <testcase name="Community" time="4.612" classname="case_2.Case_2_Test"/>
  <testcase name="Blog" time="5.477" classname="case_2.Case_2_Test"/>
  <testcase name="ST" time="3.541" classname="case_2.Case_2_Test"/>
  <testcase name="TSIQ" time="2.349" classname="case_2.Case_2_Test"/>
</testsuite> <!-- Case_2 -->
