<?xml version="1.0" encoding="UTF-8"?>
<testng-results skipped="0" failed="0" ignored="0" total="12" passed="12">
  <reporter-output>
  </reporter-output>
  <suite name="Continuous_Testing_in_DevOps_Certification_Project" duration-ms="65997" started-at="2019-12-31T17:57:58Z" finished-at="2019-12-31T17:59:04Z">
    <groups>
    </groups>
    <test name="Case_1" duration-ms="16428" started-at="2019-12-31T17:57:58Z" finished-at="2019-12-31T17:58:14Z">
      <class name="case_1.Case_1_Test">
        <test-method status="PASS" signature="OpenBrowser()[pri:0, instance:case_1.Case_1_Test@1e965684]" name="OpenBrowser" is-config="true" duration-ms="11575" started-at="2019-12-31T17:57:58Z" finished-at="2019-12-31T17:58:09Z">
          <reporter-output>
          </reporter-output>
        </test-method> <!-- OpenBrowser -->
        <test-method status="PASS" signature="Login(java.lang.String, java.lang.String)[pri:0, instance:case_1.Case_1_Test@1e965684]" name="Login" duration-ms="2480" started-at="2019-12-31T17:58:10Z" data-provider="testDataFeed" finished-at="2019-12-31T17:58:13Z">
          <params>
            <param index="0">
              <value>
                <![CDATA[haoliva@gmail.com]]>
              </value>
            </param>
            <param index="1">
              <value>
                <![CDATA[$1234567890!]]>
              </value>
            </param>
          </params>
          <reporter-output>
          </reporter-output>
        </test-method> <!-- Login -->
        <test-method status="PASS" signature="Logout()[pri:0, instance:case_1.Case_1_Test@1e965684]" name="Logout" duration-ms="675" started-at="2019-12-31T17:58:13Z" depends-on-methods="case_1.Case_1_Test.Login" finished-at="2019-12-31T17:58:14Z">
          <reporter-output>
          </reporter-output>
        </test-method> <!-- Logout -->
        <test-method status="PASS" signature="QuitBrowser()[pri:0, instance:case_1.Case_1_Test@1e965684]" name="QuitBrowser" is-config="true" duration-ms="693" started-at="2019-12-31T17:58:14Z" finished-at="2019-12-31T17:58:14Z">
          <reporter-output>
          </reporter-output>
        </test-method> <!-- QuitBrowser -->
      </class> <!-- case_1.Case_1_Test -->
    </test> <!-- Case_1 -->
    <test name="Case_2" duration-ms="18375" started-at="2019-12-31T17:58:14Z" finished-at="2019-12-31T17:58:33Z">
      <class name="case_2.Case_2_Test">
        <test-method status="PASS" signature="OpenBrowser()[pri:0, instance:case_2.Case_2_Test@34c4973]" name="OpenBrowser" is-config="true" duration-ms="10467" started-at="2019-12-31T17:58:14Z" finished-at="2019-12-31T17:58:25Z">
          <reporter-output>
          </reporter-output>
        </test-method> <!-- OpenBrowser -->
        <test-method status="PASS" signature="Login(java.lang.String, java.lang.String)[pri:0, instance:case_2.Case_2_Test@34c4973]" name="Login" duration-ms="2889" started-at="2019-12-31T17:58:25Z" data-provider="testDataFeed" finished-at="2019-12-31T17:58:28Z">
          <params>
            <param index="0">
              <value>
                <![CDATA[haoliva@gmail.com]]>
              </value>
            </param>
            <param index="1">
              <value>
                <![CDATA[$1234567890!]]>
              </value>
            </param>
          </params>
          <reporter-output>
          </reporter-output>
        </test-method> <!-- Login -->
        <test-method status="PASS" signature="FlightDetails()[pri:0, instance:case_2.Case_2_Test@34c4973]" name="FlightDetails" duration-ms="684" started-at="2019-12-31T17:58:28Z" depends-on-methods="case_2.Case_2_Test.Login" finished-at="2019-12-31T17:58:28Z">
          <reporter-output>
          </reporter-output>
        </test-method> <!-- FlightDetails -->
        <test-method status="PASS" signature="Depart()[pri:0, instance:case_2.Case_2_Test@34c4973]" name="Depart" duration-ms="99" started-at="2019-12-31T17:58:28Z" depends-on-methods="case_2.Case_2_Test.FlightDetails" finished-at="2019-12-31T17:58:28Z">
          <reporter-output>
          </reporter-output>
        </test-method> <!-- Depart -->
        <test-method status="PASS" signature="Return()[pri:0, instance:case_2.Case_2_Test@34c4973]" name="Return" duration-ms="1233" started-at="2019-12-31T17:58:28Z" depends-on-methods="case_2.Case_2_Test.Depart" finished-at="2019-12-31T17:58:30Z">
          <reporter-output>
          </reporter-output>
        </test-method> <!-- Return -->
        <test-method status="PASS" signature="Purchase()[pri:0, instance:case_2.Case_2_Test@34c4973]" name="Purchase" duration-ms="1641" started-at="2019-12-31T17:58:30Z" depends-on-methods="case_2.Case_2_Test.Return" finished-at="2019-12-31T17:58:31Z">
          <reporter-output>
          </reporter-output>
        </test-method> <!-- Purchase -->
        <test-method status="PASS" signature="Logout()[pri:0, instance:case_2.Case_2_Test@34c4973]" name="Logout" duration-ms="606" started-at="2019-12-31T17:58:31Z" depends-on-methods="case_2.Case_2_Test.Purchase" finished-at="2019-12-31T17:58:32Z">
          <reporter-output>
          </reporter-output>
        </test-method> <!-- Logout -->
        <test-method status="PASS" signature="QuitBrowser()[pri:0, instance:case_2.Case_2_Test@34c4973]" name="QuitBrowser" is-config="true" duration-ms="677" started-at="2019-12-31T17:58:32Z" finished-at="2019-12-31T17:58:33Z">
          <reporter-output>
          </reporter-output>
        </test-method> <!-- QuitBrowser -->
      </class> <!-- case_2.Case_2_Test -->
    </test> <!-- Case_2 -->
    <test name="Case_3" duration-ms="16102" started-at="2019-12-31T17:58:33Z" finished-at="2019-12-31T17:58:49Z">
      <class name="case_3.Case_3_Test">
        <test-method status="PASS" signature="OpenBrowser()[pri:0, instance:case_3.Case_3_Test@80503]" name="OpenBrowser" is-config="true" duration-ms="11676" started-at="2019-12-31T17:58:33Z" finished-at="2019-12-31T17:58:44Z">
          <reporter-output>
          </reporter-output>
        </test-method> <!-- OpenBrowser -->
        <test-method status="PASS" signature="Login(java.lang.String, java.lang.String)[pri:0, instance:case_3.Case_3_Test@80503]" name="Login" duration-ms="2438" started-at="2019-12-31T17:58:44Z" data-provider="testDataFeed" finished-at="2019-12-31T17:58:47Z">
          <params>
            <param index="0">
              <value>
                <![CDATA[haoliva@gmail.com]]>
              </value>
            </param>
            <param index="1">
              <value>
                <![CDATA[$1234567890!]]>
              </value>
            </param>
          </params>
          <reporter-output>
          </reporter-output>
        </test-method> <!-- Login -->
        <test-method status="PASS" signature="Cruises()[pri:0, instance:case_3.Case_3_Test@80503]" name="Cruises" duration-ms="649" started-at="2019-12-31T17:58:47Z" depends-on-methods="case_3.Case_3_Test.Login" finished-at="2019-12-31T17:58:48Z">
          <reporter-output>
          </reporter-output>
        </test-method> <!-- Cruises -->
        <test-method status="PASS" signature="Logout()[pri:0, instance:case_3.Case_3_Test@80503]" name="Logout" duration-ms="578" started-at="2019-12-31T17:58:48Z" depends-on-methods="case_3.Case_3_Test.Cruises" finished-at="2019-12-31T17:58:48Z">
          <reporter-output>
          </reporter-output>
        </test-method> <!-- Logout -->
        <test-method status="PASS" signature="QuitBrowser()[pri:0, instance:case_3.Case_3_Test@80503]" name="QuitBrowser" is-config="true" duration-ms="685" started-at="2019-12-31T17:58:48Z" finished-at="2019-12-31T17:58:49Z">
          <reporter-output>
          </reporter-output>
        </test-method> <!-- QuitBrowser -->
      </class> <!-- case_3.Case_3_Test -->
    </test> <!-- Case_3 -->
    <test name="Case_4" duration-ms="14895" started-at="2019-12-31T17:58:49Z" finished-at="2019-12-31T17:59:04Z">
      <class name="case_4.Case_4_Test">
        <test-method status="PASS" signature="OpenBrowser()[pri:0, instance:case_4.Case_4_Test@3cb1ffe6]" name="OpenBrowser" is-config="true" duration-ms="11031" started-at="2019-12-31T17:58:49Z" finished-at="2019-12-31T17:59:00Z">
          <reporter-output>
          </reporter-output>
        </test-method> <!-- OpenBrowser -->
        <test-method status="PASS" signature="BrokenLinks()[pri:0, instance:case_4.Case_4_Test@3cb1ffe6]" name="BrokenLinks" duration-ms="2963" started-at="2019-12-31T17:59:00Z" finished-at="2019-12-31T17:59:03Z">
          <reporter-output>
          </reporter-output>
        </test-method> <!-- BrokenLinks -->
        <test-method status="PASS" signature="QuitBrowser()[pri:0, instance:case_4.Case_4_Test@3cb1ffe6]" name="QuitBrowser" is-config="true" duration-ms="901" started-at="2019-12-31T17:59:03Z" finished-at="2019-12-31T17:59:04Z">
          <reporter-output>
          </reporter-output>
        </test-method> <!-- QuitBrowser -->
      </class> <!-- case_4.Case_4_Test -->
    </test> <!-- Case_4 -->
  </suite> <!-- Continuous_Testing_in_DevOps_Certification_Project -->
</testng-results>
