<?xml version="1.0" encoding="UTF-8"?>
<testsuite xmlns:xsi="http://www.w3.org/2001/XMLSchema-instance" xsi:noNamespaceSchemaLocation="https://maven.apache.org/surefire/maven-surefire-plugin/xsd/surefire-test-report-3.0.xsd" version="3.0" name="TestSuite" time="221.389" tests="20" errors="0" skipped="0" failures="0">
  <properties>
[...]
</properties>
  <testcase name="Login" classname="case_1.Case_1_Test" time="1.55"/>
  <testcase name="Ongoing" classname="case_1.Case_1_Test" time="4.259"/>
  <testcase name="Logout" classname="case_1.Case_1_Test" time="8.075"/>
  <testcase name="Login" classname="case_2.Case_2_Test" time="1.586"/>
  <testcase name="Community" classname="case_2.Case_2_Test" time="4.615"/>
  <testcase name="Blog" classname="case_2.Case_2_Test" time="5.474"/>
  <testcase name="ST" classname="case_2.Case_2_Test" time="3.54"/>
  <testcase name="TSIQ" classname="case_2.Case_2_Test" time="2.349"/>
  <testcase name="Login" classname="case_3.Case_3_Test" time="13.581"/>
  <testcase name="Search" classname="case_3.Case_3_Test" time="9.993"/>
  <testcase name="Product" classname="case_3.Case_3_Test" time="6.507"/>
  <testcase name="WishList" classname="case_3.Case_3_Test" time="3.088"/>
  <testcase name="ViewList" classname="case_3.Case_3_Test" time="2.36"/>
  <testcase name="AddToCart" classname="case_3.Case_3_Test" time="1.187"/>
  <testcase name="Login" classname="case_4.Case_4_Test" time="27.281"/>
  <testcase name="Me" classname="case_4.Case_4_Test" time="8.066"/>
  <testcase name="EnterName" classname="case_4.Case_4_Test" time="0.477"/>
  <testcase name="EnterLocation" classname="case_4.Case_4_Test" time="0.626"/>
  <testcase name="SaveProfile" classname="case_4.Case_4_Test" time="28.003"/>
  <testcase name="Confirmation" classname="case_4.Case_4_Test" time="0.293"/>
</testsuite>